

Microchip MPLAB XC8 Assembler V2.45 build 20230818022343 
                                                                                               Thu Oct 17 12:58:42 2024

Microchip MPLAB XC8 C Compiler v2.45 (Free license) build 20230818022343 Og1 
     1                           	processor	16F676
     2                           	pagewidth 120
     3                           	opt	flic
     4                           	psect	cinit,global,class=CODE,merge=1,delta=2
     5                           	psect	cstackBANK0,global,class=BANK0,space=1,delta=1,noexec
     6                           	psect	maintext,global,class=CODE,split=1,delta=2
     7                           	psect	config,global,abs,ovrld,class=CONFIG,space=4,delta=2,noexec
     8                           	dabs	1,0x5E,2
     9     0000                     
    10                           ; Generated 12/10/2023 GMT
    11                           ; 
    12                           ; Copyright © 2023, Microchip Technology Inc. and its subsidiaries ("Microchip")
    13                           ; All rights reserved.
    14                           ; 
    15                           ; This software is developed by Microchip Technology Inc. and its subsidiaries ("Microch
      +                          ip").
    16                           ; 
    17                           ; Redistribution and use in source and binary forms, with or without modification, are
    18                           ; permitted provided that the following conditions are met:
    19                           ; 
    20                           ;     1. Redistributions of source code must retain the above copyright notice, this lis
      +                          t of
    21                           ;        conditions and the following disclaimer.
    22                           ; 
    23                           ;     2. Redistributions in binary form must reproduce the above copyright notice, this 
      +                          list
    24                           ;        of conditions and the following disclaimer in the documentation and/or other
    25                           ;        materials provided with the distribution. Publication is not required when
    26                           ;        this file is used in an embedded application.
    27                           ; 
    28                           ;     3. Microchip's name may not be used to endorse or promote products derived from th
      +                          is
    29                           ;        software without specific prior written permission.
    30                           ; 
    31                           ; THIS SOFTWARE IS PROVIDED BY MICROCHIP "AS IS" AND ANY EXPRESS OR IMPLIED WARRANTIES,
    32                           ; INCLUDING, BUT NOT LIMITED TO, THE IMPLIED WARRANTIES OF MERCHANTABILITY AND FITNESS F
      +                          OR
    33                           ; PURPOSE ARE DISCLAIMED.  IN NO EVENT SHALL MICROCHIP BE LIABLE FOR ANY DIRECT, INDIREC
      +                          T,
    34                           ; INCIDENTAL, SPECIAL, EXEMPLARY, OR CONSEQUENTIAL DAMAGES (INCLUDING BUT NOT LIMITED TO
    35                           ; PROCUREMENT OF SUBSTITUTE GOODS OR SERVICES; LOSS OF USE, DATA OR PROFITS; OR BUSINESS
    36                           ; INTERRUPTION) HOWSOEVER CAUSED AND ON ANY THEORY OF LIABILITY, WHETHER IN CONTRACT, ST
      +                          RICT
    37                           ; LIABILITY, OR TORT (INCLUDING NEGLIGENCE OR OTHERWISE) ARISING IN ANY WAY OUT OF THE U
      +                          SE OF
    38                           ; THIS SOFTWARE, EVEN IF ADVISED OF THE POSSIBILITY OF SUCH DAMAGE.
    39                           ; 
    40                           ; 
    41                           ; Code-generator required, PIC16F676 Definitions
    42                           ; 
    43                           ; SFR Addresses
    44     0000                     	;# 
    45     0001                     	;# 
    46     0002                     	;# 
    47     0003                     	;# 
    48     0004                     	;# 
    49     0005                     	;# 
    50     0007                     	;# 
    51     000A                     	;# 
    52     000B                     	;# 
    53     000C                     	;# 
    54     000E                     	;# 
    55     000E                     	;# 
    56     000F                     	;# 
    57     0010                     	;# 
    58     0019                     	;# 
    59     001E                     	;# 
    60     001F                     	;# 
    61     0081                     	;# 
    62     0085                     	;# 
    63     0087                     	;# 
    64     008C                     	;# 
    65     008E                     	;# 
    66     0090                     	;# 
    67     0091                     	;# 
    68     0095                     	;# 
    69     0095                     	;# 
    70     0096                     	;# 
    71     0096                     	;# 
    72     0099                     	;# 
    73     009A                     	;# 
    74     009A                     	;# 
    75     009B                     	;# 
    76     009C                     	;# 
    77     009D                     	;# 
    78     009E                     	;# 
    79     009F                     	;# 
    80     0000                     	;# 
    81     0001                     	;# 
    82     0002                     	;# 
    83     0003                     	;# 
    84     0004                     	;# 
    85     0005                     	;# 
    86     0007                     	;# 
    87     000A                     	;# 
    88     000B                     	;# 
    89     000C                     	;# 
    90     000E                     	;# 
    91     000E                     	;# 
    92     000F                     	;# 
    93     0010                     	;# 
    94     0019                     	;# 
    95     001E                     	;# 
    96     001F                     	;# 
    97     0081                     	;# 
    98     0085                     	;# 
    99     0087                     	;# 
   100     008C                     	;# 
   101     008E                     	;# 
   102     0090                     	;# 
   103     0091                     	;# 
   104     0095                     	;# 
   105     0095                     	;# 
   106     0096                     	;# 
   107     0096                     	;# 
   108     0099                     	;# 
   109     009A                     	;# 
   110     009A                     	;# 
   111     009B                     	;# 
   112     009C                     	;# 
   113     009D                     	;# 
   114     009E                     	;# 
   115     009F                     	;# 
   116     0007                     _PORTC	set	7
   117     0091                     _ANSEL	set	145
   118     0087                     _TRISC	set	135
   119                           
   120                           	psect	cinit
   121     03FD                     start_initialization:	
   122                           ; #config settings
   123                           
   124     03FD                     __initialization:
   125     03FD                     end_of_initialization:	
   126                           ;End of C runtime variable initialization code
   127                           
   128     03FD                     __end_of__initialization:
   129     03FD  0183               	clrf	3
   130     03FE  2BBD               	ljmp	_main	;jump to C main() function
   131                           
   132                           	psect	cstackBANK0
   133     0020                     __pcstackBANK0:
   134     0020                     ?_main:
   135     0020                     ??_main:	
   136                           ; 1 bytes @ 0x0
   137                           
   138                           
   139                           ; 1 bytes @ 0x0
   140     0020                     	ds	3
   141     0023                     main@i:
   142                           
   143                           ; 2 bytes @ 0x3
   144     0023                     	ds	2
   145                           
   146                           	psect	maintext
   147     03BD                     __pmaintext:	
   148 ;;
   149 ;;Main: autosize = 0, tempsize = 3, incstack = 0, save=0
   150 ;;
   151 ;; *************** function _main *****************
   152 ;; Defined at:
   153 ;;		line 20 in file "newmain.c"
   154 ;; Parameters:    Size  Location     Type
   155 ;;		None
   156 ;; Auto vars:     Size  Location     Type
   157 ;;  i               2    3[BANK0 ] int 
   158 ;; Return value:  Size  Location     Type
   159 ;;                  1    wreg      void 
   160 ;; Registers used:
   161 ;;		wreg, status,2, btemp+1
   162 ;; Tracked objects:
   163 ;;		On entry : B00/0
   164 ;;		On exit  : 0/0
   165 ;;		Unchanged: 0/0
   166 ;; Data sizes:     COMMON   BANK0
   167 ;;      Params:         0       0
   168 ;;      Locals:         0       2
   169 ;;      Temps:          0       3
   170 ;;      Totals:         0       5
   171 ;;Total ram usage:        5 bytes
   172 ;; This function calls:
   173 ;;		Nothing
   174 ;; This function is called by:
   175 ;;		Startup code after reset
   176 ;; This function uses a non-reentrant model
   177 ;;
   178                           
   179     03BD                     _main:	
   180                           ;psect for function _main
   181                           
   182     03BD                     l576:	
   183                           ;incstack = 0
   184                           ; Regs used in _main: [wreg+status,2+btemp+1]
   185                           
   186     03BD  1683               	bsf	3,5	;RP0=1, select bank1
   187     03BE  0187               	clrf	7	;volatile
   188     03BF  0191               	clrf	17	;volatile
   189     03C0  1283               	bcf	3,5	;RP0=0, select bank0
   190     03C1  0187               	clrf	7	;volatile
   191     03C2                     l13:
   192     03C2  1283               	bcf	3,5	;RP0=0, select bank0
   193     03C3  01A3               	clrf	main@i
   194     03C4  01A4               	clrf	main@i+1
   195     03C5                     l14:
   196     03C5  1283               	bcf	3,5	;RP0=0, select bank0
   197     03C6  1823               	btfsc	main@i,0
   198     03C7  2BC9               	goto	u31
   199     03C8  2BCA               	goto	u30
   200     03C9                     u31:
   201     03C9  2BD9               	goto	l584
   202     03CA                     u30:
   203     03CA                     l582:
   204     03CA  302A               	movlw	42
   205     03CB  0087               	movwf	7	;volatile
   206     03CC  3002               	movlw	2
   207     03CD  00A2               	movwf	??_main+2
   208     03CE  3086               	movlw	134
   209     03CF  00A1               	movwf	??_main+1
   210     03D0  3099               	movlw	153
   211     03D1  00A0               	movwf	??_main
   212     03D2                     u57:
   213     03D2  0BA0               	decfsz	??_main,f
   214     03D3  2BD2               	goto	u57
   215     03D4  0BA1               	decfsz	??_main+1,f
   216     03D5  2BD2               	goto	u57
   217     03D6  0BA2               	decfsz	??_main+2,f
   218     03D7  2BD2               	goto	u57
   219     03D8  2BE7               	goto	l17
   220     03D9                     l584:
   221     03D9  3015               	movlw	21
   222     03DA  0087               	movwf	7	;volatile
   223     03DB  3002               	movlw	2
   224     03DC  00A2               	movwf	??_main+2
   225     03DD  3086               	movlw	134
   226     03DE  00A1               	movwf	??_main+1
   227     03DF  3099               	movlw	153
   228     03E0  00A0               	movwf	??_main
   229     03E1                     u67:
   230     03E1  0BA0               	decfsz	??_main,f
   231     03E2  2BE1               	goto	u67
   232     03E3  0BA1               	decfsz	??_main+1,f
   233     03E4  2BE1               	goto	u67
   234     03E5  0BA2               	decfsz	??_main+2,f
   235     03E6  2BE1               	goto	u67
   236     03E7                     l17:
   237     03E7  3001               	movlw	1
   238     03E8  1283               	bcf	3,5	;RP0=0, select bank0
   239     03E9  07A3               	addwf	main@i,f
   240     03EA  1803               	skipnc
   241     03EB  0AA4               	incf	main@i+1,f
   242     03EC  3000               	movlw	0
   243     03ED  07A4               	addwf	main@i+1,f
   244     03EE                     l586:
   245     03EE  0824               	movf	main@i+1,w
   246     03EF  3A80               	xorlw	128
   247     03F0  00DF               	movwf	btemp+1
   248     03F1  3080               	movlw	128
   249     03F2  025F               	subwf	btemp+1,w
   250     03F3  1D03               	skipz
   251     03F4  2BF7               	goto	u45
   252     03F5  3004               	movlw	4
   253     03F6  0223               	subwf	main@i,w
   254     03F7                     u45:
   255     03F7  1C03               	skipc
   256     03F8  2BFA               	goto	u41
   257     03F9  2BFB               	goto	u40
   258     03FA                     u41:
   259     03FA  2BC5               	goto	l14
   260     03FB                     u40:
   261     03FB  2BC2               	goto	l13
   262     03FC  2800               	ljmp	start
   263     03FD                     __end_of_main:
   264     005E                     btemp	set	94	;btemp
   265     005E                     wtemp0	set	94
   266                           
   267                           	psect	config
   268                           
   269                           ;Config register CONFIG @ 0x2007
   270                           ;	Oscillator Selection bits
   271                           ;	FOSC = INTRCCLK, INTOSC oscillator: CLKOUT function on RA4/OSC2/CLKOUT pin, I/O functi
      +                          on on RA5/OSC1/CLKIN
   272                           ;	Watchdog Timer Enable bit
   273                           ;	WDTE = OFF, WDT disabled
   274                           ;	Power-up Timer Enable bit
   275                           ;	PWRTE = OFF, PWRT disabled
   276                           ;	RA3/MCLR pin function select
   277                           ;	MCLRE = OFF, RA3/MCLR pin function is digital I/O, MCLR internally tied to VDD
   278                           ;	Brown-out Detect Enable bit
   279                           ;	BOREN = OFF, BOD disabled
   280                           ;	Code Protection bit
   281                           ;	CP = OFF, Program Memory code protection is disabled
   282                           ;	Data Code Protection bit
   283                           ;	CPD = OFF, Data memory code protection is disabled
   284     2007                     	org	8199
   285     2007  3F95               	dw	16277

Data Sizes:
    Strings     0
    Constant    0
    Data        0
    BSS         0
    Persistent  0
    Stack       0

Auto Spaces:
    Space          Size  Autos    Used
    COMMON            0      0       0
    BANK0            62      5       5

Pointer List with Targets:

    None.

Critical Paths under _main in COMMON

    None.

Critical Paths under _main in BANK0

    None.

Call Graph Tables:

 ---------------------------------------------------------------------------------
 (Depth) Function   	        Calls       Base Space   Used Autos Params    Refs
 ---------------------------------------------------------------------------------
 (0) _main                                                 5     5      0      68
                                              0 BANK0      5     5      0
 ---------------------------------------------------------------------------------
 Estimated maximum stack depth 0
 ---------------------------------------------------------------------------------

 Call Graph Graphs:

 _main (ROOT)

 Address spaces:
Name               Size   Autos  Total    Cost      Usage
BITCOMMON            0      0       0       0        0.0%
EEDATA              80      0       0       0        0.0%
NULL                 0      0       0       0        0.0%
CODE                 0      0       0       0        0.0%
BITSFR0              0      0       0       1        0.0%
SFR0                 0      0       0       1        0.0%
COMMON               0      0       0       1        0.0%
BITSFR1              0      0       0       2        0.0%
SFR1                 0      0       0       2        0.0%
STACK                0      0       0       2        0.0%
BITBANK0            3E      0       0       3        0.0%
BANK0               3E      5       5       4        8.1%
ABS                  0      0       0       5        0.0%
DATA                 0      0       0       6        0.0%


Microchip Technology PIC Macro Assembler V2.45 build 20230818022343 
Symbol Table                                                                                   Thu Oct 17 12:58:42 2024

                     l13 03C2                       l14 03C5                       l17 03E7  
                     u30 03CA                       u31 03C9                       u40 03FB  
                     u41 03FA                       u45 03F7                       u57 03D2  
                     u67 03E1                      l582 03CA                      l584 03D9  
                    l576 03BD                      l586 03EE                     _main 03BD  
                   btemp 005E                     start 0000                    ?_main 0020  
                  _ANSEL 0091                    _PORTC 0007                    _TRISC 0087  
                  main@i 0023                    status 0003                    wtemp0 005E  
        __initialization 03FD             __end_of_main 03FD                   ??_main 0020  
__end_of__initialization 03FD               __pmaintext 03BD     end_of_initialization 03FD  
    start_initialization 03FD                ___latbits 0000            __pcstackBANK0 0020  
